-------------------------------------------------------------------------------
Test set: com.example.PortalDesa.PortalDesaApplicationTests
-------------------------------------------------------------------------------
Tests run: 1, Failures: 0, Errors: 1, Skipped: 0, Time elapsed: 1.087 s <<< FAILURE! - in com.example.PortalDesa.PortalDesaApplicationTests
com.example.PortalDesa.PortalDesaApplicationTests  Time elapsed: 1.086 s  <<< ERROR!
java.lang.IllegalStateException: Unable to find a @SpringBootConfiguration, you need to use @ContextConfiguration or @SpringBootTest(classes=...) with your test

