<?xml version="1.0" encoding="UTF-8"?>
<testsuite xmlns:xsi="http://www.w3.org/2001/XMLSchema-instance" xsi:noNamespaceSchemaLocation="https://maven.apache.org/surefire/maven-surefire-plugin/xsd/surefire-test-report.xsd" name="com.example.PortalDesa.PortalDesaApplicationTests" time="1.087" tests="1" errors="1" skipped="0" failures="0">
  <properties>
[...]
</properties>
  <testcase name="com.example.PortalDesa.PortalDesaApplicationTests" classname="com.example.PortalDesa.PortalDesaApplicationTests" time="1.086">
    <error message="Unable to find a @SpringBootConfiguration, you need to use @ContextConfiguration or @SpringBootTest(classes=...) with your test" type="java.lang.IllegalStateException">java.lang.IllegalStateException: Unable to find a @SpringBootConfiguration, you need to use @ContextConfiguration or @SpringBootTest(classes=...) with your test
</error>
    <system-out><![CDATA[20:22:31.671 [main] DEBUG org.springframework.test.context.BootstrapUtils - Instantiating CacheAwareContextLoaderDelegate from class [org.springframework.test.context.cache.DefaultCacheAwareContextLoaderDelegate]
20:22:31.702 [main] DEBUG org.springframework.test.context.BootstrapUtils - Instantiating BootstrapContext using constructor [public org.springframework.test.context.support.DefaultBootstrapContext(java.lang.Class,org.springframework.test.context.CacheAwareContextLoaderDelegate)]
20:22:31.774 [main] DEBUG org.springframework.test.context.BootstrapUtils - Instantiating TestContextBootstrapper for test class [com.example.PortalDesa.PortalDesaApplicationTests] from class [org.springframework.boot.test.context.SpringBootTestContextBootstrapper]
20:22:31.797 [main] INFO org.springframework.boot.test.context.SpringBootTestContextBootstrapper - Neither @ContextConfiguration nor @ContextHierarchy found for test class [com.example.PortalDesa.PortalDesaApplicationTests], using SpringBootContextLoader
20:22:31.813 [main] DEBUG org.springframework.test.context.support.AbstractContextLoader - Did not detect default resource location for test class [com.example.PortalDesa.PortalDesaApplicationTests]: class path resource [com/example/PortalDesa/PortalDesaApplicationTests-context.xml] does not exist
20:22:31.813 [main] DEBUG org.springframework.test.context.support.AbstractContextLoader - Did not detect default resource location for test class [com.example.PortalDesa.PortalDesaApplicationTests]: class path resource [com/example/PortalDesa/PortalDesaApplicationTestsContext.groovy] does not exist
20:22:31.813 [main] INFO org.springframework.test.context.support.AbstractContextLoader - Could not detect default resource locations for test class [com.example.PortalDesa.PortalDesaApplicationTests]: no resource found for suffixes {-context.xml, Context.groovy}.
20:22:31.817 [main] INFO org.springframework.test.context.support.AnnotationConfigContextLoaderUtils - Could not detect default configuration classes for test class [com.example.PortalDesa.PortalDesaApplicationTests]: PortalDesaApplicationTests does not declare any static, non-private, non-final, nested classes annotated with @Configuration.
20:22:31.926 [main] DEBUG org.springframework.test.context.support.ActiveProfilesUtils - Could not find an 'annotation declaring class' for annotation type [org.springframework.test.context.ActiveProfiles] and class [com.example.PortalDesa.PortalDesaApplicationTests]
20:22:32.127 [main] DEBUG org.springframework.test.context.BootstrapUtils - Instantiating CacheAwareContextLoaderDelegate from class [org.springframework.test.context.cache.DefaultCacheAwareContextLoaderDelegate]
20:22:32.127 [main] DEBUG org.springframework.test.context.BootstrapUtils - Instantiating BootstrapContext using constructor [public org.springframework.test.context.support.DefaultBootstrapContext(java.lang.Class,org.springframework.test.context.CacheAwareContextLoaderDelegate)]
20:22:32.127 [main] DEBUG org.springframework.test.context.BootstrapUtils - Instantiating TestContextBootstrapper for test class [com.example.PortalDesa.PortalDesaApplicationTests] from class [org.springframework.boot.test.context.SpringBootTestContextBootstrapper]
20:22:32.127 [main] INFO org.springframework.boot.test.context.SpringBootTestContextBootstrapper - Neither @ContextConfiguration nor @ContextHierarchy found for test class [com.example.PortalDesa.PortalDesaApplicationTests], using SpringBootContextLoader
20:22:32.143 [main] DEBUG org.springframework.test.context.support.AbstractContextLoader - Did not detect default resource location for test class [com.example.PortalDesa.PortalDesaApplicationTests]: class path resource [com/example/PortalDesa/PortalDesaApplicationTests-context.xml] does not exist
20:22:32.143 [main] DEBUG org.springframework.test.context.support.AbstractContextLoader - Did not detect default resource location for test class [com.example.PortalDesa.PortalDesaApplicationTests]: class path resource [com/example/PortalDesa/PortalDesaApplicationTestsContext.groovy] does not exist
20:22:32.143 [main] INFO org.springframework.test.context.support.AbstractContextLoader - Could not detect default resource locations for test class [com.example.PortalDesa.PortalDesaApplicationTests]: no resource found for suffixes {-context.xml, Context.groovy}.
20:22:32.143 [main] INFO org.springframework.test.context.support.AnnotationConfigContextLoaderUtils - Could not detect default configuration classes for test class [com.example.PortalDesa.PortalDesaApplicationTests]: PortalDesaApplicationTests does not declare any static, non-private, non-final, nested classes annotated with @Configuration.
20:22:32.147 [main] DEBUG org.springframework.test.context.support.ActiveProfilesUtils - Could not find an 'annotation declaring class' for annotation type [org.springframework.test.context.ActiveProfiles] and class [com.example.PortalDesa.PortalDesaApplicationTests]
20:22:32.179 [main] DEBUG org.springframework.test.context.BootstrapUtils - Instantiating CacheAwareContextLoaderDelegate from class [org.springframework.test.context.cache.DefaultCacheAwareContextLoaderDelegate]
20:22:32.191 [main] DEBUG org.springframework.test.context.BootstrapUtils - Instantiating BootstrapContext using constructor [public org.springframework.test.context.support.DefaultBootstrapContext(java.lang.Class,org.springframework.test.context.CacheAwareContextLoaderDelegate)]
20:22:32.192 [main] DEBUG org.springframework.test.context.BootstrapUtils - Instantiating TestContextBootstrapper for test class [com.example.PortalDesa.PortalDesaApplicationTests] from class [org.springframework.boot.test.context.SpringBootTestContextBootstrapper]
20:22:32.192 [main] INFO org.springframework.boot.test.context.SpringBootTestContextBootstrapper - Neither @ContextConfiguration nor @ContextHierarchy found for test class [com.example.PortalDesa.PortalDesaApplicationTests], using SpringBootContextLoader
20:22:32.192 [main] DEBUG org.springframework.test.context.support.AbstractContextLoader - Did not detect default resource location for test class [com.example.PortalDesa.PortalDesaApplicationTests]: class path resource [com/example/PortalDesa/PortalDesaApplicationTests-context.xml] does not exist
20:22:32.192 [main] DEBUG org.springframework.test.context.support.AbstractContextLoader - Did not detect default resource location for test class [com.example.PortalDesa.PortalDesaApplicationTests]: class path resource [com/example/PortalDesa/PortalDesaApplicationTestsContext.groovy] does not exist
20:22:32.192 [main] INFO org.springframework.test.context.support.AbstractContextLoader - Could not detect default resource locations for test class [com.example.PortalDesa.PortalDesaApplicationTests]: no resource found for suffixes {-context.xml, Context.groovy}.
20:22:32.192 [main] INFO org.springframework.test.context.support.AnnotationConfigContextLoaderUtils - Could not detect default configuration classes for test class [com.example.PortalDesa.PortalDesaApplicationTests]: PortalDesaApplicationTests does not declare any static, non-private, non-final, nested classes annotated with @Configuration.
20:22:32.192 [main] DEBUG org.springframework.test.context.support.ActiveProfilesUtils - Could not find an 'annotation declaring class' for annotation type [org.springframework.test.context.ActiveProfiles] and class [com.example.PortalDesa.PortalDesaApplicationTests]
]]></system-out>
  </testcase>
</testsuite>